#
# There is insufficient memory for the Java Runtime Environment to continue.
# Native memory allocation (mmap) failed to map 4128768 bytes. Error detail: G1 virtual space
# Possible reasons:
#   The system is out of physical RAM or swap space
#   This process is running with CompressedOops enabled, and the Java Heap may be blocking the growth of the native heap
# Possible solutions:
#   Reduce memory load on the system
#   Increase physical memory or swap space
#   Check if swap backing store is full
#   Decrease Java heap size (-Xmx/-Xms)
#   Decrease number of Java threads
#   Decrease Java thread stack sizes (-Xss)
#   Set larger code cache with -XX:ReservedCodeCacheSize=
#   JVM is running with Zero Based Compressed Oops mode in which the Java heap is
#     placed in the first 32GB address space. The Java Heap base address is the
#     maximum limit for the native heap growth. Please use -XX:HeapBaseMinAddress
#     to set the Java Heap base and to place the Java Heap above 32GB virtual address.
# This output file may be truncated or incomplete.
#
#  Out of Memory Error (os_windows.cpp:3603), pid=20268, tid=22368
#
# JRE version:  (21.0.3+9) (build )
# Java VM: OpenJDK 64-Bit Server VM (21.0.3+9-LTS, mixed mode, sharing, tiered, compressed oops, compressed class ptrs, g1 gc, windows-amd64)
# No core dump will be written. Minidumps are not enabled by default on client versions of Windows
#

---------------  S U M M A R Y ------------

Command Line: -Dfile.encoding=UTF-8 -Dstdout.encoding=UTF-8 -Dstderr.encoding=UTF-8 -XX:+ShowCodeDetailsInExceptionMessages client.CafeteriaClient

Host: 11th Gen Intel(R) Core(TM) i5-1135G7 @ 2.40GHz, 8 cores, 15G,  Windows 11 , 64 bit Build 22621 (10.0.22621.3672)
Time: Thu Jul 18 17:43:27 2024 India Standard Time elapsed time: 0.072181 seconds (0d 0h 0m 0s)

---------------  T H R E A D  ---------------

Current thread (0x000001ee44aedd00):  JavaThread "Unknown thread" [_thread_in_vm, id=22368, stack(0x000000e55b400000,0x000000e55b500000) (1024K)]

Stack: [0x000000e55b400000,0x000000e55b500000]
Native frames: (J=compiled Java code, j=interpreted, Vv=VM code, C=native code)
V  [jvm.dll+0x6d3919]
V  [jvm.dll+0x8ae6d1]
V  [jvm.dll+0x8b0a3e]
V  [jvm.dll+0x8b1123]
V  [jvm.dll+0x286316]
V  [jvm.dll+0x6cfff5]
V  [jvm.dll+0x6c49ea]
V  [jvm.dll+0x35b7da]
V  [jvm.dll+0x3633b6]
V  [jvm.dll+0x3b4b63]
V  [jvm.dll+0x3b4df8]
V  [jvm.dll+0x32f12c]
V  [jvm.dll+0x32fcbb]
V  [jvm.dll+0x876979]
V  [jvm.dll+0x3c1ed1]
V  [jvm.dll+0x85fc08]
V  [jvm.dll+0x4560be]
V  [jvm.dll+0x457c21]
C  [jli.dll+0x5343]
C  [ucrtbase.dll+0x29333]
C  [KERNEL32.DLL+0x1257d]
C  [ntdll.dll+0x5af28]


---------------  P R O C E S S  ---------------

Threads class SMR info:
_java_thread_list=0x00007ff9b928f108, length=0, elements={
}

Java Threads: ( => current thread )
Total: 0

Other Threads:
  0x000001ee44dc2880 WorkerThread "GC Thread#0"                     [id=68, stack(0x000000e55b500000,0x000000e55b600000) (1024K)]
  0x000001ee44dd3d50 ConcurrentGCThread "G1 Main Marker"            [id=12352, stack(0x000000e55b600000,0x000000e55b700000) (1024K)]
  0x000001ee44dd4860 WorkerThread "G1 Conc#0"                       [id=17960, stack(0x000000e55b700000,0x000000e55b800000) (1024K)]

[error occurred during error reporting (printing all threads), id 0xc0000005, EXCEPTION_ACCESS_VIOLATION (0xc0000005) at pc=0x00007ff9b89922b7]
VM state: not at safepoint (not fully initialized)

VM Mutex/Monitor currently owned by a thread:  ([mutex/lock_event])
[0x00007ff9b9303a48] Heap_lock - owner thread: 0x000001ee44aedd00

Heap address: 0x0000000704e00000, size: 4018 MB, Compressed Oops mode: Zero based, Oop shift amount: 3

CDS archive(s) mapped at: [0x0000000000000000-0x0000000000000000-0x0000000000000000), size 0, SharedBaseAddress: 0x0000000800000000, ArchiveRelocationMode: 1.
Narrow klass base: 0x0000000000000000, Narrow klass shift: 0, Narrow klass range: 0x0

GC Precious Log:
 CardTable entry size: 512
 Card Set container configuration: InlinePtr #cards 4 size 8 Array Of Cards #cards 16 size 48 Howl #buckets 8 coarsen threshold 3686 Howl Bitmap #cards 512 size 80 coarsen threshold 460 Card regions per heap region 1 cards per card region 4096

Heap:
 garbage-first heap   total 0K, used 0K [0x0000000704e00000, 0x0000000800000000)
  region size 2048K, 0 young (0K), 0 survivors (0K)

[error occurred during error reporting (printing heap information), id 0xc0000005, EXCEPTION_ACCESS_VIOLATION (0xc0000005) at pc=0x00007ff9b8d7d1c9]
GC Heap History (0 events):
No events

Dll operation events (1 events):
Event: 0.057 Loaded shared library C:\Program Files\Zulu\zulu-21\bin\java.dll

Deoptimization events (0 events):
No events

Classes loaded (0 events):
No events

Classes unloaded (0 events):
No events

Classes redefined (0 events):
No events

Internal exceptions (0 events):
No events

ZGC Phase Switch (0 events):
No events

VM Operations (0 events):
No events

Events (0 events):
No events


Dynamic libraries:
0x00007ff663900000 - 0x00007ff66390e000 	C:\Program Files\Zulu\zulu-21\bin\javaw.exe
0x00007ffa14c90000 - 0x00007ffa14ea7000 	C:\WINDOWS\SYSTEM32\ntdll.dll
0x00007ffa137f0000 - 0x00007ffa138b4000 	C:\WINDOWS\System32\KERNEL32.DLL
0x00007ffa12270000 - 0x00007ffa1261c000 	C:\WINDOWS\System32\KERNELBASE.dll
0x00007ffa11cd0000 - 0x00007ffa11e1c000 	C:\Windows\system32\hmpalert.dll
0x00007ffa12120000 - 0x00007ffa12231000 	C:\WINDOWS\System32\ucrtbase.dll
0x00007ff9ef070000 - 0x00007ff9ef08b000 	C:\Program Files\Zulu\zulu-21\bin\VCRUNTIME140.dll
0x00007ff9eef70000 - 0x00007ff9eef89000 	C:\Program Files\Zulu\zulu-21\bin\jli.dll
0x00007ffa14020000 - 0x00007ffa141ce000 	C:\WINDOWS\System32\USER32.dll
0x00007ffa12240000 - 0x00007ffa12266000 	C:\WINDOWS\System32\win32u.dll
0x00007ffa13ca0000 - 0x00007ffa13cc9000 	C:\WINDOWS\System32\GDI32.dll
0x00007ffa12710000 - 0x00007ffa12829000 	C:\WINDOWS\System32\gdi32full.dll
0x00007ffa11fc0000 - 0x00007ffa1205a000 	C:\WINDOWS\System32\msvcp_win.dll
0x00007ff9f5fd0000 - 0x00007ff9f6263000 	C:\WINDOWS\WinSxS\amd64_microsoft.windows.common-controls_6595b64144ccf1df_6.0.22621.3672_none_2713b9d173822955\COMCTL32.dll
0x00007ffa13f70000 - 0x00007ffa14017000 	C:\WINDOWS\System32\msvcrt.dll
0x00007ffa12b30000 - 0x00007ffa12b61000 	C:\WINDOWS\System32\IMM32.DLL
0x00007ff9f5d40000 - 0x00007ff9f5d4c000 	C:\Program Files\Zulu\zulu-21\bin\vcruntime140_1.dll
0x00007ff9ce220000 - 0x00007ff9ce2ae000 	C:\Program Files\Zulu\zulu-21\bin\msvcp140.dll
0x00007ff9b8650000 - 0x00007ff9b93e4000 	C:\Program Files\Zulu\zulu-21\bin\server\jvm.dll
0x00007ffa129d0000 - 0x00007ffa12a82000 	C:\WINDOWS\System32\ADVAPI32.dll
0x00007ffa14ba0000 - 0x00007ffa14c4a000 	C:\WINDOWS\System32\sechost.dll
0x00007ffa129a0000 - 0x00007ffa129c8000 	C:\WINDOWS\System32\bcrypt.dll
0x00007ffa13b80000 - 0x00007ffa13c95000 	C:\WINDOWS\System32\RPCRT4.dll
0x00007ffa12ab0000 - 0x00007ffa12b21000 	C:\WINDOWS\System32\WS2_32.dll
0x00007ffa11b80000 - 0x00007ffa11bcd000 	C:\WINDOWS\SYSTEM32\POWRPROF.dll
0x00007ffa059d0000 - 0x00007ffa05a04000 	C:\WINDOWS\SYSTEM32\WINMM.dll
0x00007ffa00400000 - 0x00007ffa0040a000 	C:\WINDOWS\SYSTEM32\VERSION.dll
0x00007ffa11b60000 - 0x00007ffa11b73000 	C:\WINDOWS\SYSTEM32\UMPDC.dll
0x00007ffa10d70000 - 0x00007ffa10d88000 	C:\WINDOWS\SYSTEM32\kernel.appcore.dll
0x00007ffa0c950000 - 0x00007ffa0c95a000 	C:\Program Files\Zulu\zulu-21\bin\jimage.dll
0x00007ffa0f3b0000 - 0x00007ffa0f5e2000 	C:\WINDOWS\SYSTEM32\DBGHELP.DLL
0x00007ffa12fe0000 - 0x00007ffa13368000 	C:\WINDOWS\System32\combase.dll
0x00007ffa13e90000 - 0x00007ffa13f67000 	C:\WINDOWS\System32\OLEAUT32.dll
0x00007ffa00060000 - 0x00007ffa00092000 	C:\WINDOWS\SYSTEM32\dbgcore.DLL
0x00007ffa12620000 - 0x00007ffa1269b000 	C:\WINDOWS\System32\bcryptPrimitives.dll
0x00007ffa008d0000 - 0x00007ffa008ef000 	C:\Program Files\Zulu\zulu-21\bin\java.dll

dbghelp: loaded successfully - version: 4.0.5 - missing functions: none
symbol engine: initialized successfully - sym options: 0x614 - pdb path: .;C:\Program Files\Zulu\zulu-21\bin;C:\WINDOWS\SYSTEM32;C:\WINDOWS\WinSxS\amd64_microsoft.windows.common-controls_6595b64144ccf1df_6.0.22621.3672_none_2713b9d173822955;C:\Program Files\Zulu\zulu-21\bin\server

VM Arguments:
jvm_args: -Dfile.encoding=UTF-8 -Dstdout.encoding=UTF-8 -Dstderr.encoding=UTF-8 -XX:+ShowCodeDetailsInExceptionMessages 
java_command: client.CafeteriaClient
java_class_path (initial): C:\RecommendationSystem\RecommendationSystem\target\classes;C:\Users\yuvraj.s.r\.m2\repository\com\mysql\mysql-connector-j\8.0.32\mysql-connector-j-8.0.32.jar;C:\Users\yuvraj.s.r\.m2\repository\com\google\protobuf\protobuf-java\3.21.9\protobuf-java-3.21.9.jar
Launcher Type: SUN_STANDARD

[Global flags]
     intx CICompilerCount                          = 4                                         {product} {ergonomic}
     uint ConcGCThreads                            = 2                                         {product} {ergonomic}
     uint G1ConcRefinementThreads                  = 8                                         {product} {ergonomic}
   size_t G1HeapRegionSize                         = 2097152                                   {product} {ergonomic}
    uintx GCDrainStackTargetSize                   = 64                                        {product} {ergonomic}
   size_t InitialHeapSize                          = 264241152                                 {product} {ergonomic}
   size_t MarkStackSize                            = 4194304                                   {product} {ergonomic}
   size_t MaxHeapSize                              = 4213178368                                {product} {ergonomic}
   size_t MinHeapDeltaBytes                        = 2097152                                   {product} {ergonomic}
   size_t MinHeapSize                              = 8388608                                   {product} {ergonomic}
    uintx NonNMethodCodeHeapSize                   = 5839372                                {pd product} {ergonomic}
    uintx NonProfiledCodeHeapSize                  = 122909434                              {pd product} {ergonomic}
    uintx ProfiledCodeHeapSize                     = 122909434                              {pd product} {ergonomic}
    uintx ReservedCodeCacheSize                    = 251658240                              {pd product} {ergonomic}
     bool SegmentedCodeCache                       = true                                      {product} {ergonomic}
     bool ShowCodeDetailsInExceptionMessages       = true                                   {manageable} {command line}
   size_t SoftMaxHeapSize                          = 4213178368                             {manageable} {ergonomic}
     bool UseCompressedOops                        = true                           {product lp64_product} {ergonomic}
     bool UseG1GC                                  = true                                      {product} {ergonomic}
     bool UseLargePagesIndividualAllocation        = false                                  {pd product} {ergonomic}

Logging:
Log output configuration:
 #0: stdout all=warning uptime,level,tags foldmultilines=false
 #1: stderr all=off uptime,level,tags foldmultilines=false

Environment Variables:
JAVA_HOME=C:\Program Files\Zulu\zulu-21\bin\
PATH=C:/Program Files/Zulu/zulu-21/bin/server;C:/Program Files/Zulu/zulu-21/bin;C:\Program Files\Zulu\zulu-21\bin\;C:\WINDOWS\system32;C:\WINDOWS;C:\WINDOWS\System32\Wbem;C:\WINDOWS\System32\WindowsPowerShell\v1.0\;C:\WINDOWS\System32\OpenSSH\;C:\Program Files\Git\cmd;C:\MinGW\bin;C:\Program Files\nodejs\;C:\Program Files\MySQL\MySQL Shell 8.0\bin\;C:\Users\yuvraj.s.r\AppData\Local\Microsoft\WindowsApps;C:\Users\yuvraj.s.r\AppData\Local\Programs\Microsoft VS Code\bin;C:\msys64\mingw64\bin;C:\Program Files\sf\bin;C:\Users\yuvraj.s.r\AppData\Roaming\npm;C:\Program Files\Zulu\zulu-21\bin;;C:\Users\yuvraj.s.r\OneDrive - InTimeTec Visionsoft Pvt. Ltd.,\Desktop;
USERNAME=yuvraj.s.r
OS=Windows_NT
PROCESSOR_IDENTIFIER=Intel64 Family 6 Model 140 Stepping 1, GenuineIntel
TMP=C:\Users\YUVRAJ~1.R\AppData\Local\Temp
TEMP=C:\Users\YUVRAJ~1.R\AppData\Local\Temp




Periodic native trim disabled

---------------  S Y S T E M  ---------------

OS:
 Windows 11 , 64 bit Build 22621 (10.0.22621.3672)
OS uptime: 3 days 1:08 hours
Hyper-V role detected

CPU: total 8 (initial active 8) (4 cores per cpu, 2 threads per core) family 6 model 140 stepping 1 microcode 0xb6, cx8, cmov, fxsr, ht, mmx, 3dnowpref, sse, sse2, sse3, ssse3, sse4.1, sse4.2, popcnt, lzcnt, tsc, tscinvbit, avx, avx2, aes, erms, clmul, bmi1, bmi2, adx, avx512f, avx512dq, avx512cd, avx512bw, avx512vl, sha, fma, vzeroupper, avx512_vpopcntdq, avx512_vpclmulqdq, avx512_vaes, avx512_vnni, clflush, clflushopt, clwb, avx512_vbmi2, avx512_vbmi, hv, rdtscp, rdpid, fsrm, gfni, avx512_bitalg, f16c, cet_ibt, cet_ss, avx512_ifma
Processor Information for processor 0
  Max Mhz: 2419, Current Mhz: 2419, Mhz Limit: 2419
Processor Information for processor 1
  Max Mhz: 2419, Current Mhz: 2419, Mhz Limit: 2419
Processor Information for processor 2
  Max Mhz: 2419, Current Mhz: 2419, Mhz Limit: 2419
Processor Information for processor 3
  Max Mhz: 2419, Current Mhz: 2419, Mhz Limit: 2419
Processor Information for processor 4
  Max Mhz: 2419, Current Mhz: 2419, Mhz Limit: 2419
Processor Information for processor 5
  Max Mhz: 2419, Current Mhz: 2419, Mhz Limit: 2419
Processor Information for processor 6
  Max Mhz: 2419, Current Mhz: 2419, Mhz Limit: 2419
Processor Information for processor 7
  Max Mhz: 2419, Current Mhz: 1511, Mhz Limit: 2419

Memory: 4k page, system-wide physical 16064M (3210M free)
TotalPageFile size 51792M (AvailPageFile size 5M)
current process WorkingSet (physical memory assigned to process): 12M, peak: 12M
current process commit charge ("private bytes"): 315M, peak: 319M

vm_info: OpenJDK 64-Bit Server VM (21.0.3+9-LTS) for windows-amd64 JRE (21.0.3+9-LTS) (Zulu21.34+19-CA), built on 2024-04-09T07:26:03Z by "zulu_re" with MS VC++ 17.1 (VS2022)

END.
